# JRE version: 7.0_25-b15
# Java VM: Java HotSpot(TM) 64-Bit Server VM (23.25-b01 mixed mode linux-amd64 compressed oops)
Heap
 PSYoungGen      total 51264K, used 37873K [0x00000000f5a00000, 0x00000000fa0e0000, 0x0000000100000000)
  eden space 38336K, 69% used [0x00000000f5a00000,0x00000000f740e0d8,0x00000000f7f70000)
  from space 12928K, 86% used [0x00000000f8d60000,0x00000000f984e478,0x00000000f9a00000)
  to   space 14272K, 0% used [0x00000000f7f70000,0x00000000f7f70000,0x00000000f8d60000)
 ParOldGen       total 34496K, used 23678K [0x00000000e0e00000, 0x00000000e2fb0000, 0x00000000f5a00000)
  object space 34496K, 68% used [0x00000000e0e00000,0x00000000e251f988,0x00000000e2fb0000)
 PSPermGen       total 52736K, used 52661K [0x00000000dbc00000, 0x00000000def80000, 0x00000000e0e00000)
  object space 52736K, 99% used [0x00000000dbc00000,0x00000000def6d438,0x00000000def80000)
GC Heap History (10 events):
Event: 12.494 GC heap before
{Heap before GC invocations=11 (full 0):
 PSYoungGen      total 28544K, used 28534K [0x00000000f5a00000, 0x00000000f7e40000, 0x0000000100000000)
  eden space 23424K, 100% used [0x00000000f5a00000,0x00000000f70e0000,0x00000000f70e0000)
  from space 5120K, 99% used [0x00000000f7700000,0x00000000f7bfdbd0,0x00000000f7c00000)
  to   space 6272K, 0% used [0x00000000f70e0000,0x00000000f70e0000,0x00000000f7700000)
 ParOldGen       total 21248K, used 13580K [0x00000000e0e00000, 0x00000000e22c0000, 0x00000000f5a00000)
  object space 21248K, 63% used [0x00000000e0e00000,0x00000000e1b43160,0x00000000e22c0000)
 PSPermGen       total 21248K, used 18115K [0x00000000dbc00000, 0x00000000dd0c0000, 0x00000000e0e00000)
  object space 21248K, 85% used [0x00000000dbc00000,0x00000000dcdb0c90,0x00000000dd0c0000)
Event: 12.525 GC heap after
Heap after GC invocations=11 (full 0):
 PSYoungGen      total 29696K, used 6262K [0x00000000f5a00000, 0x00000000f90e0000, 0x0000000100000000)
  eden space 23424K, 0% used [0x00000000f5a00000,0x00000000f5a00000,0x00000000f70e0000)
  from space 6272K, 99% used [0x00000000f70e0000,0x00000000f76fd810,0x00000000f7700000)
  to   space 9344K, 0% used [0x00000000f87c0000,0x00000000f87c0000,0x00000000f90e0000)
 ParOldGen       total 21248K, used 19889K [0x00000000e0e00000, 0x00000000e22c0000, 0x00000000f5a00000)
  object space 21248K, 93% used [0x00000000e0e00000,0x00000000e216c460,0x00000000e22c0000)
 PSPermGen       total 21248K, used 18115K [0x00000000dbc00000, 0x00000000dd0c0000, 0x00000000e0e00000)
  object space 21248K, 85% used [0x00000000dbc00000,0x00000000dcdb0c90,0x00000000dd0c0000)
}
Event: 12.525 GC heap before
{Heap before GC invocations=12 (full 1):
 PSYoungGen      total 29696K, used 6262K [0x00000000f5a00000, 0x00000000f90e0000, 0x0000000100000000)
  eden space 23424K, 0% used [0x00000000f5a00000,0x00000000f5a00000,0x00000000f70e0000)
  from space 6272K, 99% used [0x00000000f70e0000,0x00000000f76fd810,0x00000000f7700000)
  to   space 9344K, 0% used [0x00000000f87c0000,0x00000000f87c0000,0x00000000f90e0000)
 ParOldGen       total 21248K, used 19889K [0x00000000e0e00000, 0x00000000e22c0000, 0x00000000f5a00000)
  object space 21248K, 93% used [0x00000000e0e00000,0x00000000e216c460,0x00000000e22c0000)
 PSPermGen       total 21248K, used 18115K [0x00000000dbc00000, 0x00000000dd0c0000, 0x00000000e0e00000)
  object space 21248K, 85% used [0x00000000dbc00000,0x00000000dcdb0c90,0x00000000dd0c0000)
Event: 12.722 GC heap after
Heap after GC invocations=12 (full 1):
 PSYoungGen      total 29696K, used 0K [0x00000000f5a00000, 0x00000000f90e0000, 0x0000000100000000)
  eden space 23424K, 0% used [0x00000000f5a00000,0x00000000f5a00000,0x00000000f70e0000)
  from space 6272K, 0% used [0x00000000f70e0000,0x00000000f70e0000,0x00000000f7700000)
  to   space 9344K, 0% used [0x00000000f87c0000,0x00000000f87c0000,0x00000000f90e0000)
 ParOldGen       total 34496K, used 18224K [0x00000000e0e00000, 0x00000000e2fb0000, 0x00000000f5a00000)
  object space 34496K, 52% used [0x00000000e0e00000,0x00000000e1fcc040,0x00000000e2fb0000)
 PSPermGen       total 36800K, used 18109K [0x00000000dbc00000, 0x00000000ddff0000, 0x00000000e0e00000)
  object space 36800K, 49% used [0x00000000dbc00000,0x00000000dcdaf6b0,0x00000000ddff0000)
}
Event: 15.948 GC heap before
{Heap before GC invocations=13 (full 1):
 PSYoungGen      total 29696K, used 23424K [0x00000000f5a00000, 0x00000000f90e0000, 0x0000000100000000)
  eden space 23424K, 100% used [0x00000000f5a00000,0x00000000f70e0000,0x00000000f70e0000)
  from space 6272K, 0% used [0x00000000f70e0000,0x00000000f70e0000,0x00000000f7700000)
  to   space 9344K, 0% used [0x00000000f87c0000,0x00000000f87c0000,0x00000000f90e0000)
 ParOldGen       total 34496K, used 18224K [0x00000000e0e00000, 0x00000000e2fb0000, 0x00000000f5a00000)
  object space 34496K, 52% used [0x00000000e0e00000,0x00000000e1fcc040,0x00000000e2fb0000)
 PSPermGen       total 36800K, used 24849K [0x00000000dbc00000, 0x00000000ddff0000, 0x00000000e0e00000)
  object space 36800K, 67% used [0x00000000dbc00000,0x00000000dd444458,0x00000000ddff0000)
Event: 15.968 GC heap after
Heap after GC invocations=13 (full 1):
 PSYoungGen      total 38720K, used 7917K [0x00000000f5a00000, 0x00000000f8f80000, 0x0000000100000000)
  eden space 30784K, 0% used [0x00000000f5a00000,0x00000000f5a00000,0x00000000f7810000)
  from space 7936K, 99% used [0x00000000f87c0000,0x00000000f8f7b730,0x00000000f8f80000)
  to   space 10176K, 0% used [0x00000000f7ba0000,0x00000000f7ba0000,0x00000000f8590000)
 ParOldGen       total 34496K, used 18224K [0x00000000e0e00000, 0x00000000e2fb0000, 0x00000000f5a00000)
  object space 34496K, 52% used [0x00000000e0e00000,0x00000000e1fcc040,0x00000000e2fb0000)
 PSPermGen       total 36800K, used 24849K [0x00000000dbc00000, 0x00000000ddff0000, 0x00000000e0e00000)
  object space 36800K, 67% used [0x00000000dbc00000,0x00000000dd444458,0x00000000ddff0000)
}
Event: 20.435 GC heap before
{Heap before GC invocations=14 (full 1):
 PSYoungGen      total 38720K, used 38701K [0x00000000f5a00000, 0x00000000f8f80000, 0x0000000100000000)
  eden space 30784K, 100% used [0x00000000f5a00000,0x00000000f7810000,0x00000000f7810000)
  from space 7936K, 99% used [0x00000000f87c0000,0x00000000f8f7b730,0x00000000f8f80000)
  to   space 10176K, 0% used [0x00000000f7ba0000,0x00000000f7ba0000,0x00000000f8590000)
 ParOldGen       total 34496K, used 18224K [0x00000000e0e00000, 0x00000000e2fb0000, 0x00000000f5a00000)
  object space 34496K, 52% used [0x00000000e0e00000,0x00000000e1fcc040,0x00000000e2fb0000)
 PSPermGen       total 36992K, used 36846K [0x00000000dbc00000, 0x00000000de020000, 0x00000000e0e00000)
  object space 36992K, 99% used [0x00000000dbc00000,0x00000000ddffb890,0x00000000de020000)
Event: 20.466 GC heap after
Heap after GC invocations=14 (full 1):
 PSYoungGen      total 44608K, used 10168K [0x00000000f5a00000, 0x00000000f9a00000, 0x0000000100000000)
  eden space 34432K, 0% used [0x00000000f5a00000,0x00000000f5a00000,0x00000000f7ba0000)
  from space 10176K, 99% used [0x00000000f7ba0000,0x00000000f858e280,0x00000000f8590000)
  to   space 12928K, 0% used [0x00000000f8d60000,0x00000000f8d60000,0x00000000f9a00000)
 ParOldGen       total 34496K, used 21688K [0x00000000e0e00000, 0x00000000e2fb0000, 0x00000000f5a00000)
  object space 34496K, 62% used [0x00000000e0e00000,0x00000000e232e080,0x00000000e2fb0000)
 PSPermGen       total 36992K, used 36846K [0x00000000dbc00000, 0x00000000de020000, 0x00000000e0e00000)
  object space 36992K, 99% used [0x00000000dbc00000,0x00000000ddffb890,0x00000000de020000)
}
Event: 23.672 GC heap before
{Heap before GC invocations=15 (full 1):
 PSYoungGen      total 44608K, used 44600K [0x00000000f5a00000, 0x00000000f9a00000, 0x0000000100000000)
  eden space 34432K, 100% used [0x00000000f5a00000,0x00000000f7ba0000,0x00000000f7ba0000)
  from space 10176K, 99% used [0x00000000f7ba0000,0x00000000f858e280,0x00000000f8590000)
  to   space 12928K, 0% used [0x00000000f8d60000,0x00000000f8d60000,0x00000000f9a00000)
 ParOldGen       total 34496K, used 21688K [0x00000000e0e00000, 0x00000000e2fb0000, 0x00000000f5a00000)
  object space 34496K, 62% used [0x00000000e0e00000,0x00000000e232e080,0x00000000e2fb0000)
 PSPermGen       total 47360K, used 47239K [0x00000000dbc00000, 0x00000000dea40000, 0x00000000e0e00000)
  object space 47360K, 99% used [0x00000000dbc00000,0x00000000dea21f50,0x00000000dea40000)
Event: 23.705 GC heap after
Heap after GC invocations=15 (full 1):
 PSYoungGen      total 51264K, used 11193K [0x00000000f5a00000, 0x00000000fa0e0000, 0x0000000100000000)
  eden space 38336K, 0% used [0x00000000f5a00000,0x00000000f5a00000,0x00000000f7f70000)
  from space 12928K, 86% used [0x00000000f8d60000,0x00000000f984e478,0x00000000f9a00000)
  to   space 14272K, 0% used [0x00000000f7f70000,0x00000000f7f70000,0x00000000f8d60000)
 ParOldGen       total 34496K, used 23678K [0x00000000e0e00000, 0x00000000e2fb0000, 0x00000000f5a00000)
  object space 34496K, 68% used [0x00000000e0e00000,0x00000000e251f988,0x00000000e2fb0000)
 PSPermGen       total 47360K, used 47239K [0x00000000dbc00000, 0x00000000dea40000, 0x00000000e0e00000)
  object space 47360K, 99% used [0x00000000dbc00000,0x00000000dea21f50,0x00000000dea40000)
}

